<?xml version="1.0" encoding="UTF-8"?>
<!-- Generated by org.testng.reporters.JUnitReportReporter -->
<testsuite hostname="CUTEANGEL" name="com.pac1.Sample1" tests="1" failures="0" timestamp="31 Oct 2019 09:04:35 GMT" time="0.035" errors="0">
  <testcase name="test" time="0.035" classname="com.pac1.Sample1"/>
</testsuite> <!-- com.pac1.Sample1 -->
